<?xml version="1.0" encoding="UTF-8"?>
<testsuite xmlns:xsi="http://www.w3.org/2001/XMLSchema-instance" xsi:noNamespaceSchemaLocation="https://maven.apache.org/surefire/maven-surefire-plugin/xsd/surefire-test-report.xsd" name="com.project.AccountServiceTest" time="0.786" tests="7" errors="0" skipped="0" failures="0">
  <properties>
[...]
</properties>
  <testcase name="testDatabaseConnection" classname="com.project.AccountServiceTest" time="0.698"/>
  <testcase name="saveAccountExceptionAccountExists" classname="com.project.AccountServiceTest" time="0.02"/>
  <testcase name="validateFirstNameNull" classname="com.project.AccountServiceTest" time="0.001"/>
  <testcase name="saveAccount" classname="com.project.AccountServiceTest" time="0.001"/>
  <testcase name="saveAccountLastNameNull" classname="com.project.AccountServiceTest" time="0"/>
  <testcase name="getAccountByNameThrowException" classname="com.project.AccountServiceTest" time="0.001"/>
  <testcase name="getAccountByName" classname="com.project.AccountServiceTest" time="0"/>
</testsuite>